0 info it worked if it ends with ok
1 verbose cli [ 'node', '/usr/local/bin/npm', 'install', '-g', 'bower' ]
2 info using npm@3.8.6
3 info using node@v0.12.7
4 silly loadCurrentTree Starting
5 silly install loadCurrentTree
6 silly install readGlobalPackageData
7 silly fetchPackageMetaData bower
8 silly fetchNamedPackageData bower
9 silly mapToRegistry name bower
10 silly mapToRegistry using default registry
11 silly mapToRegistry registry https://registry.npmjs.org/
12 silly mapToRegistry data { raw: 'bower',
12 silly mapToRegistry   scope: null,
12 silly mapToRegistry   name: 'bower',
12 silly mapToRegistry   rawSpec: '',
12 silly mapToRegistry   spec: 'latest',
12 silly mapToRegistry   type: 'tag' }
13 silly mapToRegistry uri https://registry.npmjs.org/bower
14 verbose request uri https://registry.npmjs.org/bower
15 verbose request no auth needed
16 info attempt registry request try #1 at 4:49:55 PM
17 verbose request id a40f72d9a165791e
18 http request GET https://registry.npmjs.org/bower
19 http 200 https://registry.npmjs.org/bower
20 verbose headers { server: 'CouchDB/1.5.0 (Erlang OTP/R16B03)',
20 verbose headers   etag: '"C5GPEP43F9XQ6KECR9JOY7LU5"',
20 verbose headers   'content-type': 'application/json',
20 verbose headers   'cache-control': 'max-age=300',
20 verbose headers   'content-length': '172300',
20 verbose headers   'accept-ranges': 'bytes',
20 verbose headers   date: 'Wed, 13 Apr 2016 23:49:55 GMT',
20 verbose headers   via: '1.1 varnish',
20 verbose headers   age: '109',
20 verbose headers   connection: 'keep-alive',
20 verbose headers   'x-served-by': 'cache-sjc3122-SJC',
20 verbose headers   'x-cache': 'HIT',
20 verbose headers   'x-cache-hits': '2',
20 verbose headers   'x-timer': 'S1460591395.134338,VS0,VE0',
20 verbose headers   vary: 'Accept-Encoding' }
21 silly get cb [ 200,
21 silly get   { server: 'CouchDB/1.5.0 (Erlang OTP/R16B03)',
21 silly get     etag: '"C5GPEP43F9XQ6KECR9JOY7LU5"',
21 silly get     'content-type': 'application/json',
21 silly get     'cache-control': 'max-age=300',
21 silly get     'content-length': '172300',
21 silly get     'accept-ranges': 'bytes',
21 silly get     date: 'Wed, 13 Apr 2016 23:49:55 GMT',
21 silly get     via: '1.1 varnish',
21 silly get     age: '109',
21 silly get     connection: 'keep-alive',
21 silly get     'x-served-by': 'cache-sjc3122-SJC',
21 silly get     'x-cache': 'HIT',
21 silly get     'x-cache-hits': '2',
21 silly get     'x-timer': 'S1460591395.134338,VS0,VE0',
21 silly get     vary: 'Accept-Encoding' } ]
22 verbose get saving bower to /Users/sidharthgoel/.npm/registry.npmjs.org/bower/.cache.json
23 verbose correctMkdir /Users/sidharthgoel/.npm correctMkdir not in flight; initializing
24 silly install normalizeTree
25 silly loadCurrentTree Finishing
26 silly loadIdealTree Starting
27 silly install loadIdealTree
28 silly cloneCurrentTree Starting
29 silly install cloneCurrentTreeToIdealTree
30 silly cloneCurrentTree Finishing
31 silly loadShrinkwrap Starting
32 silly install loadShrinkwrap
33 silly loadShrinkwrap Finishing
34 silly loadAllDepsIntoIdealTree Starting
35 silly install loadAllDepsIntoIdealTree
36 silly resolveWithNewModule bower@1.7.9 checking installable status
37 silly cache add args [ 'bower', null ]
38 verbose cache add spec bower
39 silly cache add parsed spec { raw: 'bower',
39 silly cache add   scope: null,
39 silly cache add   name: 'bower',
39 silly cache add   rawSpec: '',
39 silly cache add   spec: 'latest',
39 silly cache add   type: 'tag' }
40 silly addNamed bower@latest
41 verbose addNamed "latest" is being treated as a dist-tag for bower
42 info addNameTag [ 'bower', 'latest' ]
43 silly mapToRegistry name bower
44 silly mapToRegistry using default registry
45 silly mapToRegistry registry https://registry.npmjs.org/
46 silly mapToRegistry data { raw: 'bower',
46 silly mapToRegistry   scope: null,
46 silly mapToRegistry   name: 'bower',
46 silly mapToRegistry   rawSpec: '',
46 silly mapToRegistry   spec: 'latest',
46 silly mapToRegistry   type: 'tag' }
47 silly mapToRegistry uri https://registry.npmjs.org/bower
48 verbose addNameTag registry:https://registry.npmjs.org/bower not in flight; fetching
49 verbose get https://registry.npmjs.org/bower not expired, no request
50 silly addNameTag next cb for bower with tag latest
51 silly addNamed bower@1.7.9
52 verbose addNamed "1.7.9" is a plain semver version for bower
53 silly mapToRegistry name bower
54 silly mapToRegistry using default registry
55 silly mapToRegistry registry https://registry.npmjs.org/
56 silly mapToRegistry data { raw: 'bower',
56 silly mapToRegistry   scope: null,
56 silly mapToRegistry   name: 'bower',
56 silly mapToRegistry   rawSpec: '',
56 silly mapToRegistry   spec: 'latest',
56 silly mapToRegistry   type: 'tag' }
57 silly mapToRegistry uri https://registry.npmjs.org/bower
58 verbose addRemoteTarball https://registry.npmjs.org/bower/-/bower-1.7.9.tgz not in flight; adding
59 verbose addRemoteTarball [ 'https://registry.npmjs.org/bower/-/bower-1.7.9.tgz',
59 verbose addRemoteTarball   'b7296c2393e0d75edaa6ca39648132dd255812b0' ]
60 info retry fetch attempt 1 at 4:49:55 PM
61 info attempt registry request try #1 at 4:49:55 PM
62 http fetch GET https://registry.npmjs.org/bower/-/bower-1.7.9.tgz
63 http fetch 200 https://registry.npmjs.org/bower/-/bower-1.7.9.tgz
64 silly fetchAndShaCheck shasum b7296c2393e0d75edaa6ca39648132dd255812b0
65 verbose addTmpTarball /var/folders/hm/3cx5hc9j1z92_r4pzq7msqmr0000gn/T/npm-10693-3de571b1/registry.npmjs.org/bower/-/bower-1.7.9.tgz not in flight; adding
66 verbose addTmpTarball already have metadata; skipping unpack for bower@1.7.9
67 verbose correctMkdir /Users/sidharthgoel/.npm correctMkdir not in flight; initializing
68 silly cache afterAdd bower@1.7.9
69 verbose afterAdd /Users/sidharthgoel/.npm/bower/1.7.9/package/package.json not in flight; writing
70 verbose correctMkdir /Users/sidharthgoel/.npm correctMkdir not in flight; initializing
71 verbose afterAdd /Users/sidharthgoel/.npm/bower/1.7.9/package/package.json written
72 silly loadAllDepsIntoIdealTree Finishing
73 silly idealTree:prePrune lib
73 silly idealTree:prePrune └── bower@1.7.9
74 silly loadIdealTree Finishing
75 silly currentTree lib
76 silly idealTree lib
76 silly idealTree └── bower@1.7.9
77 silly generateActionsToTake Starting
78 silly install generateActionsToTake
79 silly generateActionsToTake Finishing
80 silly diffTrees action count 1
81 silly diffTrees add bower@1.7.9
82 silly decomposeActions action count 8
83 silly decomposeActions fetch bower@1.7.9
84 silly decomposeActions extract bower@1.7.9
85 silly decomposeActions test bower@1.7.9
86 silly decomposeActions preinstall bower@1.7.9
87 silly decomposeActions build bower@1.7.9
88 silly decomposeActions install bower@1.7.9
89 silly decomposeActions postinstall bower@1.7.9
90 silly decomposeActions finalize bower@1.7.9
91 silly executeActions Starting
92 silly install executeActions
93 silly doSerial global-install 0
94 silly doParallel fetch 1
95 verbose correctMkdir /Users/sidharthgoel/.npm/_locks correctMkdir not in flight; initializing
96 warn locking Error: EACCES, open '/Users/sidharthgoel/.npm/_locks/staging-3a08f0df5026584d.lock'
96 warn locking     at Error (native)
96 warn locking  /Users/sidharthgoel/.npm/_locks/staging-3a08f0df5026584d.lock failed { [Error: EACCES, open '/Users/sidharthgoel/.npm/_locks/staging-3a08f0df5026584d.lock']
96 warn locking   errno: -13,
96 warn locking   code: 'EACCES',
96 warn locking   path: '/Users/sidharthgoel/.npm/_locks/staging-3a08f0df5026584d.lock' }
97 silly rollbackFailedOptional Starting
98 silly rollbackFailedOptional Finishing
99 silly runTopLevelLifecycles Starting
100 silly runTopLevelLifecycles Finishing
101 silly install printInstalled
102 verbose stack Error: EACCES, open '/Users/sidharthgoel/.npm/_locks/staging-3a08f0df5026584d.lock'
102 verbose stack     at Error (native)
103 verbose cwd /Users/sidharthgoel/Developer/icsi-shift-scheduler
104 error Darwin 15.2.0
105 error argv "node" "/usr/local/bin/npm" "install" "-g" "bower"
106 error node v0.12.7
107 error npm  v3.8.6
108 error path /Users/sidharthgoel/.npm/_locks/staging-3a08f0df5026584d.lock
109 error code EACCES
110 error errno -13
111 error Error: EACCES, open '/Users/sidharthgoel/.npm/_locks/staging-3a08f0df5026584d.lock'
111 error     at Error (native)
111 error  { [Error: EACCES, open '/Users/sidharthgoel/.npm/_locks/staging-3a08f0df5026584d.lock']
111 error   errno: -13,
111 error   code: 'EACCES',
111 error   path: '/Users/sidharthgoel/.npm/_locks/staging-3a08f0df5026584d.lock' }
112 error Please try running this command again as root/Administrator.
113 verbose exit [ -13, true ]
